\BOOKMARK [1][-]{section.1}{Approaches explored}{}% 1
\BOOKMARK [2][-]{subsection.1.1}{Preprocessing}{section.1}% 2
\BOOKMARK [3][-]{subsubsection.1.1.1}{Abbreviation substitution}{subsection.1.1}% 3
\BOOKMARK [3][-]{subsubsection.1.1.2}{Stop words}{subsection.1.1}% 4
\BOOKMARK [3][-]{subsubsection.1.1.3}{Symbols}{subsection.1.1}% 5
\BOOKMARK [3][-]{subsubsection.1.1.4}{Spell checking}{subsection.1.1}% 6
\BOOKMARK [2][-]{subsection.1.2}{Classifiers}{section.1}% 7
\BOOKMARK [3][-]{subsubsection.1.2.1}{Naive Bayes}{subsection.1.2}% 8
\BOOKMARK [3][-]{subsubsection.1.2.2}{Word embedding}{subsection.1.2}% 9
\BOOKMARK [3][-]{subsubsection.1.2.3}{Support vector machine}{subsection.1.2}% 10
\BOOKMARK [3][-]{subsubsection.1.2.4}{Convolutional neural network}{subsection.1.2}% 11
\BOOKMARK [3][-]{subsubsection.1.2.5}{Long short-term memory network}{subsection.1.2}% 12
\BOOKMARK [3][-]{subsubsection.1.2.6}{Logistic Regression}{subsection.1.2}% 13
\BOOKMARK [2][-]{subsection.1.3}{Features}{section.1}% 14
\BOOKMARK [3][-]{subsubsection.1.3.1}{Common words}{subsection.1.3}% 15
\BOOKMARK [3][-]{subsubsection.1.3.2}{Unique words}{subsection.1.3}% 16
\BOOKMARK [3][-]{subsubsection.1.3.3}{Word rarity}{subsection.1.3}% 17
\BOOKMARK [3][-]{subsubsection.1.3.4}{Word sentiment}{subsection.1.3}% 18
\BOOKMARK [1][-]{section.2}{Results}{}% 19
\BOOKMARK [2][-]{subsubsection.2.0.1}{Preprocessing}{section.2}% 20
\BOOKMARK [3][-]{subsubsection.2.0.2}{Common Word and Differing Word Naive Bayes Models}{subsubsection.2.0.1}% 21
\BOOKMARK [3][-]{subsubsection.2.0.3}{Sentence Similarity using Word Embedding}{subsubsection.2.0.1}% 22
\BOOKMARK [3][-]{subsubsection.2.0.4}{Term Frequency - Inverse Document Frequency}{subsubsection.2.0.1}% 23
\BOOKMARK [3][-]{subsubsection.2.0.5}{Logistic Regression}{subsubsection.2.0.1}% 24
\BOOKMARK [1][-]{section.3}{Conclusion}{}% 25
\BOOKMARK [2][-]{subsection.3.1}{Headings: second level}{section.3}% 26
\BOOKMARK [3][-]{subsubsection.3.1.1}{Headings: third level}{subsection.3.1}% 27
\BOOKMARK [1][-]{section.4}{Citations, figures, tables, references}{}% 28
\BOOKMARK [2][-]{subsection.4.1}{Citations within the text}{section.4}% 29
\BOOKMARK [2][-]{subsection.4.2}{Footnotes}{section.4}% 30
\BOOKMARK [2][-]{subsection.4.3}{Figures}{section.4}% 31
\BOOKMARK [2][-]{subsection.4.4}{Tables}{section.4}% 32
\BOOKMARK [1][-]{section.5}{Final instructions}{}% 33
\BOOKMARK [1][-]{section.6}{Preparing PDF files}{}% 34
\BOOKMARK [2][-]{subsection.6.1}{Margins in LaTeX}{section.6}% 35
